<?xml version="1.0" encoding="UTF-8"?>
<testng-results ignored="0" total="1" passed="1" failed="0" skipped="0">
  <reporter-output>
  </reporter-output>
  <suite started-at="2025-06-20T07:05:40 EEST" name="Default suite" finished-at="2025-06-20T07:05:57 EEST" duration-ms="17635">
    <groups>
    </groups>
    <test started-at="2025-06-20T07:05:40 EEST" name="Default test" finished-at="2025-06-20T07:05:57 EEST" duration-ms="17635">
      <class name="baseTest.LoginTest">
        <test-method is-config="true" signature="launchApp()[pri:0, instance:baseTest.LoginTest@7c6908d7]" started-at="2025-06-20T07:05:40 EEST" name="launchApp" finished-at="2025-06-20T07:05:45 EEST" duration-ms="5334" status="PASS">
          <reporter-output>
          </reporter-output>
        </test-method> <!-- launchApp -->
        <test-method signature="loginTest(java.lang.String,java.lang.String)[pri:0, instance:baseTest.LoginTest@7c6908d7]" started-at="2025-06-20T07:05:46 EEST" name="loginTest" data-provider="loginData" finished-at="2025-06-20T07:05:57 EEST" duration-ms="10994" status="PASS">
          <params>
            <param index="0">
              <value>
                <![CDATA[standard_user]]>
              </value>
            </param>
            <param index="1">
              <value>
                <![CDATA[sys]]>
              </value>
            </param>
          </params>
          <reporter-output>
          </reporter-output>
        </test-method> <!-- loginTest -->
      </class> <!-- baseTest.LoginTest -->
    </test> <!-- Default test -->
  </suite> <!-- Default suite -->
</testng-results>
