<?xml version="1.0" encoding="UTF-8"?>
<testng-results ignored="0" total="1" passed="1" failed="0" skipped="0">
  <reporter-output>
  </reporter-output>
  <suite started-at="2025-06-18T10:24:54 EEST" name="Default suite" finished-at="2025-06-18T10:25:00 EEST" duration-ms="6440">
    <groups>
    </groups>
    <test started-at="2025-06-18T10:24:54 EEST" name="Default test" finished-at="2025-06-18T10:25:00 EEST" duration-ms="6440">
      <class name="baseTest.BaseTest">
        <test-method signature="testBase()[pri:0, instance:baseTest.BaseTest@30c15d8b]" started-at="2025-06-18T10:24:54 EEST" name="testBase" finished-at="2025-06-18T10:25:00 EEST" duration-ms="6381" status="PASS">
          <reporter-output>
          </reporter-output>
        </test-method> <!-- testBase -->
      </class> <!-- baseTest.BaseTest -->
    </test> <!-- Default test -->
  </suite> <!-- Default suite -->
</testng-results>
